  ConsoleApplication1.cpp
C:\Users\marci\Downloads\Exercicios_simao\ConsoleApplication1\ConsoleApplication1\Aluno.h(4,13): error C2011: 'Aluno': redefinição do tipo 'class'
C:\Users\marci\Downloads\Exercicios_simao\ConsoleApplication1\ConsoleApplication1\Aluno.h(4,7): message : consulte a declaração de 'Aluno'
C:\Users\marci\Downloads\Exercicios_simao\ConsoleApplication1\ConsoleApplication1\Principal.h(23,8): error C2079: 'Principal::Marcio' usa class 'Aluno' indefinido
C:\Users\marci\Downloads\Exercicios_simao\ConsoleApplication1\ConsoleApplication1\Principal.h(24,8): error C2079: 'Principal::Lukas' usa class 'Aluno' indefinido
  Departamento.cpp
C:\Users\marci\Downloads\Exercicios_simao\ConsoleApplication1\ConsoleApplication1\Pessoa.h(17,14): error C2143: erro de sintaxe: ';' ausente antes de '*'
C:\Users\marci\Downloads\Exercicios_simao\ConsoleApplication1\ConsoleApplication1\Pessoa.h(17,14): error C4430: faltando especificador de tipo - int assumido. Observação: C++ não suporta default-int
C:\Users\marci\Downloads\Exercicios_simao\ConsoleApplication1\ConsoleApplication1\Pessoa.h(17,30): error C2238: token(s) inesperado(s) precedendo ';'
C:\Users\marci\Downloads\Exercicios_simao\ConsoleApplication1\ConsoleApplication1\Pessoa.h(28,20): error C2061: erro de sintaxe: identificador 'Departamento'
C:\Users\marci\Downloads\Exercicios_simao\ConsoleApplication1\ConsoleApplication1\Aluno.h(4,13): error C2011: 'Aluno': redefinição do tipo 'class'
C:\Users\marci\Downloads\Exercicios_simao\ConsoleApplication1\ConsoleApplication1\Aluno.h(4,7): message : consulte a declaração de 'Aluno'
C:\Users\marci\Downloads\Exercicios_simao\ConsoleApplication1\ConsoleApplication1\Departamento.cpp(11,49): error C2027: uso de tipo indefinido 'ListaDisciplinas'
C:\Users\marci\Downloads\Exercicios_simao\ConsoleApplication1\ConsoleApplication1\Departamento.h(4,7): message : consulte a declaração de 'ListaDisciplinas'
C:\Users\marci\Downloads\Exercicios_simao\ConsoleApplication1\ConsoleApplication1\Departamento.cpp(17,3): warning C4150: exclusão de ponteiro para tipo incompleto 'ListaDisciplinas'; nenhum destruidor chamado
C:\Users\marci\Downloads\Exercicios_simao\ConsoleApplication1\ConsoleApplication1\Departamento.h(4,7): message : consulte a declaração de 'ListaDisciplinas'
C:\Users\marci\Downloads\Exercicios_simao\ConsoleApplication1\ConsoleApplication1\Departamento.cpp(25,18): error C2027: uso de tipo indefinido 'ListaDisciplinas'
C:\Users\marci\Downloads\Exercicios_simao\ConsoleApplication1\ConsoleApplication1\Departamento.h(4,7): message : consulte a declaração de 'ListaDisciplinas'
C:\Users\marci\Downloads\Exercicios_simao\ConsoleApplication1\ConsoleApplication1\Departamento.cpp(56,18): error C2027: uso de tipo indefinido 'ListaDisciplinas'
C:\Users\marci\Downloads\Exercicios_simao\ConsoleApplication1\ConsoleApplication1\Departamento.h(4,7): message : consulte a declaração de 'ListaDisciplinas'
C:\Users\marci\Downloads\Exercicios_simao\ConsoleApplication1\ConsoleApplication1\Departamento.cpp(70,18): error C2027: uso de tipo indefinido 'ListaDisciplinas'
C:\Users\marci\Downloads\Exercicios_simao\ConsoleApplication1\ConsoleApplication1\Departamento.h(4,7): message : consulte a declaração de 'ListaDisciplinas'
C:\Users\marci\Downloads\Exercicios_simao\ConsoleApplication1\ConsoleApplication1\Departamento.cpp(83,18): error C2027: uso de tipo indefinido 'ListaDisciplinas'
C:\Users\marci\Downloads\Exercicios_simao\ConsoleApplication1\ConsoleApplication1\Departamento.h(4,7): message : consulte a declaração de 'ListaDisciplinas'
  Disciplina.cpp
C:\Users\marci\Downloads\Exercicios_simao\ConsoleApplication1\ConsoleApplication1\Pessoa.h(17,14): error C2143: erro de sintaxe: ';' ausente antes de '*'
C:\Users\marci\Downloads\Exercicios_simao\ConsoleApplication1\ConsoleApplication1\Pessoa.h(17,14): error C4430: faltando especificador de tipo - int assumido. Observação: C++ não suporta default-int
C:\Users\marci\Downloads\Exercicios_simao\ConsoleApplication1\ConsoleApplication1\Pessoa.h(17,30): error C2238: token(s) inesperado(s) precedendo ';'
C:\Users\marci\Downloads\Exercicios_simao\ConsoleApplication1\ConsoleApplication1\Pessoa.h(28,20): error C2061: erro de sintaxe: identificador 'Departamento'
C:\Users\marci\Downloads\Exercicios_simao\ConsoleApplication1\ConsoleApplication1\Aluno.h(4,13): error C2011: 'Aluno': redefinição do tipo 'class'
C:\Users\marci\Downloads\Exercicios_simao\ConsoleApplication1\ConsoleApplication1\Aluno.h(4,7): message : consulte a declaração de 'Aluno'
C:\Users\marci\Downloads\Exercicios_simao\ConsoleApplication1\ConsoleApplication1\Disciplina.cpp(4,1): error C2512: 'ListaAlunos': nenhum construtor padrão apropriado disponível
C:\Users\marci\Downloads\Exercicios_simao\ConsoleApplication1\ConsoleApplication1\ListaAlunos.h(4,7): message : consulte a declaração de 'ListaAlunos'
C:\Users\marci\Downloads\Exercicios_simao\ConsoleApplication1\ConsoleApplication1\Disciplina.cpp(12,2): error C2065: 'pElAlunoAtual': identificador não declarado
C:\Users\marci\Downloads\Exercicios_simao\ConsoleApplication1\ConsoleApplication1\Disciplina.cpp(13,2): error C2065: 'pElAlunoPrim': identificador não declarado
C:\Users\marci\Downloads\Exercicios_simao\ConsoleApplication1\ConsoleApplication1\Disciplina.cpp(19,1): error C2512: 'ListaAlunos': nenhum construtor padrão apropriado disponível
C:\Users\marci\Downloads\Exercicios_simao\ConsoleApplication1\ConsoleApplication1\ListaAlunos.h(4,7): message : consulte a declaração de 'ListaAlunos'
  ElDisciplina.cpp
C:\Users\marci\Downloads\Exercicios_simao\ConsoleApplication1\ConsoleApplication1\Pessoa.h(17,14): error C2143: erro de sintaxe: ';' ausente antes de '*'
C:\Users\marci\Downloads\Exercicios_simao\ConsoleApplication1\ConsoleApplication1\Pessoa.h(17,14): error C4430: faltando especificador de tipo - int assumido. Observação: C++ não suporta default-int
C:\Users\marci\Downloads\Exercicios_simao\ConsoleApplication1\ConsoleApplication1\Pessoa.h(17,30): error C2238: token(s) inesperado(s) precedendo ';'
C:\Users\marci\Downloads\Exercicios_simao\ConsoleApplication1\ConsoleApplication1\Pessoa.h(28,20): error C2061: erro de sintaxe: identificador 'Departamento'
C:\Users\marci\Downloads\Exercicios_simao\ConsoleApplication1\ConsoleApplication1\Aluno.h(4,13): error C2011: 'Aluno': redefinição do tipo 'class'
C:\Users\marci\Downloads\Exercicios_simao\ConsoleApplication1\ConsoleApplication1\Aluno.h(4,7): message : consulte a declaração de 'Aluno'
  ListaAlunos.cpp
C:\Users\marci\Downloads\Exercicios_simao\ConsoleApplication1\ConsoleApplication1\ListaAlunos.cpp(8,3): error C4996: 'strcpy': This function or variable may be unsafe. Consider using strcpy_s instead. To disable deprecation, use _CRT_SECURE_NO_WARNINGS. See online help for details.
  ListaDisciplinas.cpp
C:\Users\marci\Downloads\Exercicios_simao\ConsoleApplication1\ConsoleApplication1\Pessoa.h(17,14): error C2143: erro de sintaxe: ';' ausente antes de '*'
C:\Users\marci\Downloads\Exercicios_simao\ConsoleApplication1\ConsoleApplication1\Pessoa.h(17,14): error C4430: faltando especificador de tipo - int assumido. Observação: C++ não suporta default-int
C:\Users\marci\Downloads\Exercicios_simao\ConsoleApplication1\ConsoleApplication1\Pessoa.h(17,30): error C2238: token(s) inesperado(s) precedendo ';'
C:\Users\marci\Downloads\Exercicios_simao\ConsoleApplication1\ConsoleApplication1\Pessoa.h(28,20): error C2061: erro de sintaxe: identificador 'Departamento'
C:\Users\marci\Downloads\Exercicios_simao\ConsoleApplication1\ConsoleApplication1\Aluno.h(4,13): error C2011: 'Aluno': redefinição do tipo 'class'
C:\Users\marci\Downloads\Exercicios_simao\ConsoleApplication1\ConsoleApplication1\Aluno.h(4,7): message : consulte a declaração de 'Aluno'
C:\Users\marci\Downloads\Exercicios_simao\ConsoleApplication1\ConsoleApplication1\ListaDisciplinas.cpp(8,2): error C4996: 'strcpy': This function or variable may be unsafe. Consider using strcpy_s instead. To disable deprecation, use _CRT_SECURE_NO_WARNINGS. See online help for details.
C:\Users\marci\Downloads\Exercicios_simao\ConsoleApplication1\ConsoleApplication1\ListaDisciplinas.cpp(26,2): error C4996: 'strcpy': This function or variable may be unsafe. Consider using strcpy_s instead. To disable deprecation, use _CRT_SECURE_NO_WARNINGS. See online help for details.
  Principal.cpp
C:\Users\marci\Downloads\Exercicios_simao\ConsoleApplication1\ConsoleApplication1\Aluno.h(4,13): error C2011: 'Aluno': redefinição do tipo 'class'
C:\Users\marci\Downloads\Exercicios_simao\ConsoleApplication1\ConsoleApplication1\Aluno.h(4,7): message : consulte a declaração de 'Aluno'
C:\Users\marci\Downloads\Exercicios_simao\ConsoleApplication1\ConsoleApplication1\Principal.h(23,8): error C2079: 'Principal::Marcio' usa class 'Aluno' indefinido
C:\Users\marci\Downloads\Exercicios_simao\ConsoleApplication1\ConsoleApplication1\Principal.h(24,8): error C2079: 'Principal::Lukas' usa class 'Aluno' indefinido
  Universidade.cpp
C:\Users\marci\Downloads\Exercicios_simao\ConsoleApplication1\ConsoleApplication1\Departamento.h(10,14): error C2143: erro de sintaxe: ';' ausente antes de '*'
C:\Users\marci\Downloads\Exercicios_simao\ConsoleApplication1\ConsoleApplication1\Departamento.h(10,14): error C4430: faltando especificador de tipo - int assumido. Observação: C++ não suporta default-int
C:\Users\marci\Downloads\Exercicios_simao\ConsoleApplication1\ConsoleApplication1\Departamento.h(10,21): error C2238: token(s) inesperado(s) precedendo ';'
C:\Users\marci\Downloads\Exercicios_simao\ConsoleApplication1\ConsoleApplication1\Departamento.h(22,23): error C2061: erro de sintaxe: identificador 'Universidade'
C:\Users\marci\Downloads\Exercicios_simao\ConsoleApplication1\ConsoleApplication1\Departamento.h(23,14): error C2143: erro de sintaxe: ';' ausente antes de '*'
C:\Users\marci\Downloads\Exercicios_simao\ConsoleApplication1\ConsoleApplication1\Departamento.h(23,14): error C4430: faltando especificador de tipo - int assumido. Observação: C++ não suporta default-int
C:\Users\marci\Downloads\Exercicios_simao\ConsoleApplication1\ConsoleApplication1\Departamento.h(23,33): error C2238: token(s) inesperado(s) precedendo ';'
  Gerando Código...
